2023-09-28 00:19:34.044 [info] Reading sessions from keychain...
2023-09-28 00:19:34.044 [info] Getting sessions for all scopes...
2023-09-28 00:19:34.044 [info] Getting sessions for user:email...
2023-09-28 00:19:34.109 [info] Got stored sessions!
2023-09-28 00:19:34.109 [info] Got 1 verified sessions.
2023-09-28 00:19:34.109 [info] Got 1 sessions for ...
2023-09-28 00:19:34.109 [info] Got 1 sessions for user:email...
2023-09-28 00:19:35.098 [info] Getting sessions for all scopes...
2023-09-28 00:19:35.098 [info] Got 1 sessions for ...
2023-09-28 00:19:35.125 [info] Getting sessions for all scopes...
2023-09-28 00:19:35.125 [info] Got 1 sessions for ...
2023-09-28 00:19:35.147 [info] Getting sessions for read:user...
2023-09-28 00:19:35.147 [info] Got 0 sessions for read:user...
2023-09-28 00:19:35.149 [info] Getting sessions for user:email...
2023-09-28 00:19:35.149 [info] Got 1 sessions for user:email...
2023-09-28 00:19:35.301 [info] Getting sessions for all scopes...
2023-09-28 00:19:35.301 [info] Got 1 sessions for ...
2023-09-28 00:19:35.453 [info] Getting sessions for user:email...
2023-09-28 00:19:35.453 [info] Got 1 sessions for user:email...
2023-09-28 00:19:36.012 [info] Getting sessions for user:email...
2023-09-28 00:19:36.012 [info] Got 1 sessions for user:email...
2023-09-28 00:44:35.994 [info] Getting sessions for user:email...
2023-09-28 00:44:35.994 [info] Got 1 sessions for user:email...
2023-09-28 00:44:36.094 [info] Getting sessions for read:user...
2023-09-28 00:44:36.095 [info] Got 0 sessions for read:user...
2023-09-28 00:44:36.096 [info] Getting sessions for user:email...
2023-09-28 00:44:36.096 [info] Got 1 sessions for user:email...
2023-09-28 00:44:36.421 [info] Getting sessions for user:email...
2023-09-28 00:44:36.421 [info] Got 1 sessions for user:email...
