2023-09-28 15:44:26.753 [info] Reading sessions from keychain...
2023-09-28 15:44:26.753 [info] Getting sessions for all scopes...
2023-09-28 15:44:26.753 [info] Getting sessions for user:email...
2023-09-28 15:44:26.753 [info] Got stored sessions!
2023-09-28 15:44:26.753 [info] Got 1 verified sessions.
2023-09-28 15:44:26.753 [info] Got 1 sessions for ...
2023-09-28 15:44:26.753 [info] Got 1 sessions for user:email...
2023-09-28 15:44:26.753 [info] Getting sessions for all scopes...
2023-09-28 15:44:26.753 [info] Got 1 sessions for ...
2023-09-28 15:44:26.753 [info] Getting sessions for read:user...
2023-09-28 15:44:26.753 [info] Got 0 sessions for read:user...
2023-09-28 15:44:26.753 [info] Getting sessions for user:email...
2023-09-28 15:44:26.753 [info] Got 1 sessions for user:email...
2023-09-28 15:44:27.327 [info] Getting sessions for user:email...
2023-09-28 15:44:27.327 [info] Got 1 sessions for user:email...
2023-09-28 15:44:27.832 [info] Getting sessions for all scopes...
2023-09-28 15:44:27.832 [info] Got 1 sessions for ...
2023-09-28 15:44:27.982 [info] Getting sessions for user:email...
2023-09-28 15:44:27.982 [info] Got 1 sessions for user:email...
2023-09-28 15:49:10.025 [info] Reading sessions from keychain...
2023-09-28 15:49:10.025 [info] Getting sessions for all scopes...
2023-09-28 15:49:10.026 [info] Getting sessions for user:email...
2023-09-28 15:49:10.070 [info] Got stored sessions!
2023-09-28 15:49:10.071 [info] Got 1 verified sessions.
2023-09-28 15:49:10.071 [info] Got 1 sessions for ...
2023-09-28 15:49:10.071 [info] Got 1 sessions for user:email...
2023-09-28 15:49:11.076 [info] Getting sessions for all scopes...
2023-09-28 15:49:11.076 [info] Got 1 sessions for ...
2023-09-28 15:49:12.398 [info] Getting sessions for all scopes...
2023-09-28 15:49:12.398 [info] Got 1 sessions for ...
2023-09-28 15:49:12.830 [info] Getting sessions for read:user...
2023-09-28 15:49:12.830 [info] Got 0 sessions for read:user...
2023-09-28 15:49:12.831 [info] Getting sessions for user:email...
2023-09-28 15:49:12.831 [info] Got 1 sessions for user:email...
2023-09-28 15:49:13.308 [info] Getting sessions for user:email...
2023-09-28 15:49:13.308 [info] Got 1 sessions for user:email...
2023-09-28 15:49:13.843 [info] Getting sessions for user:email...
2023-09-28 15:49:13.843 [info] Got 1 sessions for user:email...
