2023-09-28 01:21:20.247 [info] Reading sessions from keychain...
2023-09-28 01:21:20.247 [info] Getting sessions for all scopes...
2023-09-28 01:21:20.247 [info] Getting sessions for user:email...
2023-09-28 01:21:20.247 [info] Got stored sessions!
2023-09-28 01:21:20.247 [info] Got 1 verified sessions.
2023-09-28 01:21:20.247 [info] Got 1 sessions for ...
2023-09-28 01:21:20.247 [info] Got 1 sessions for user:email...
2023-09-28 01:21:20.247 [info] Getting sessions for all scopes...
2023-09-28 01:21:20.247 [info] Got 1 sessions for ...
2023-09-28 01:21:20.247 [info] Getting sessions for read:user...
2023-09-28 01:21:20.247 [info] Got 0 sessions for read:user...
2023-09-28 01:21:20.247 [info] Getting sessions for user:email...
2023-09-28 01:21:20.247 [info] Got 1 sessions for user:email...
2023-09-28 01:21:20.258 [info] Getting sessions for user:email...
2023-09-28 01:21:20.258 [info] Got 1 sessions for user:email...
2023-09-28 01:21:20.414 [info] Getting sessions for all scopes...
2023-09-28 01:21:20.414 [info] Got 1 sessions for ...
2023-09-28 01:21:20.861 [info] Getting sessions for user:email...
2023-09-28 01:21:20.861 [info] Got 1 sessions for user:email...
2023-09-28 01:46:20.881 [info] Getting sessions for user:email...
2023-09-28 01:46:20.881 [info] Got 1 sessions for user:email...
2023-09-28 01:46:21.058 [info] Getting sessions for read:user...
2023-09-28 01:46:21.058 [info] Got 0 sessions for read:user...
2023-09-28 01:46:21.059 [info] Getting sessions for user:email...
2023-09-28 01:46:21.060 [info] Got 1 sessions for user:email...
2023-09-28 01:46:21.341 [info] Getting sessions for user:email...
2023-09-28 01:46:21.341 [info] Got 1 sessions for user:email...
2023-09-28 01:57:15.079 [info] Reading sessions from keychain...
2023-09-28 01:57:15.079 [info] Getting sessions for all scopes...
2023-09-28 01:57:15.080 [info] Getting sessions for user:email...
2023-09-28 01:57:15.175 [info] Got stored sessions!
2023-09-28 01:57:15.175 [info] Got 1 verified sessions.
2023-09-28 01:57:15.175 [info] Got 1 sessions for ...
2023-09-28 01:57:15.175 [info] Got 1 sessions for user:email...
2023-09-28 01:57:15.222 [info] Getting sessions for all scopes...
2023-09-28 01:57:15.223 [info] Got 1 sessions for ...
2023-09-28 01:57:15.256 [info] Getting sessions for all scopes...
2023-09-28 01:57:15.256 [info] Got 1 sessions for ...
2023-09-28 01:57:18.406 [info] Getting sessions for read:user...
2023-09-28 01:57:18.406 [info] Got 0 sessions for read:user...
2023-09-28 01:57:18.406 [info] Getting sessions for user:email...
2023-09-28 01:57:18.406 [info] Got 1 sessions for user:email...
2023-09-28 01:57:18.444 [info] Getting sessions for user:email...
2023-09-28 01:57:18.444 [info] Got 1 sessions for user:email...
2023-09-28 01:57:19.082 [info] Getting sessions for user:email...
2023-09-28 01:57:19.082 [info] Got 1 sessions for user:email...
