2023-09-28 15:49:29.425 [info] Reading sessions from keychain...
2023-09-28 15:49:29.425 [info] Getting sessions for all scopes...
2023-09-28 15:49:29.425 [info] Getting sessions for user:email...
2023-09-28 15:49:29.505 [info] Got stored sessions!
2023-09-28 15:49:29.506 [info] Got 1 verified sessions.
2023-09-28 15:49:29.506 [info] Got 1 sessions for ...
2023-09-28 15:49:29.506 [info] Got 1 sessions for user:email...
2023-09-28 15:49:30.522 [info] Getting sessions for all scopes...
2023-09-28 15:49:30.522 [info] Got 1 sessions for ...
2023-09-28 15:49:31.887 [info] Getting sessions for read:user...
2023-09-28 15:49:31.887 [info] Got 0 sessions for read:user...
2023-09-28 15:49:31.887 [info] Getting sessions for user:email...
2023-09-28 15:49:31.887 [info] Got 1 sessions for user:email...
2023-09-28 15:49:31.992 [info] Getting sessions for all scopes...
2023-09-28 15:49:31.992 [info] Got 1 sessions for ...
2023-09-28 15:49:32.316 [info] Getting sessions for user:email...
2023-09-28 15:49:32.316 [info] Got 1 sessions for user:email...
2023-09-28 15:49:33.425 [info] Getting sessions for user:email...
2023-09-28 15:49:33.425 [info] Got 1 sessions for user:email...
2023-09-28 15:49:55.318 [info] Reading sessions from keychain...
2023-09-28 15:49:55.318 [info] Getting sessions for all scopes...
2023-09-28 15:49:55.318 [info] Getting sessions for user:email...
2023-09-28 15:49:55.350 [info] Got stored sessions!
2023-09-28 15:49:55.350 [info] Got 1 verified sessions.
2023-09-28 15:49:55.350 [info] Got 1 sessions for ...
2023-09-28 15:49:55.350 [info] Got 1 sessions for user:email...
2023-09-28 15:49:56.245 [info] Getting sessions for all scopes...
2023-09-28 15:49:56.245 [info] Got 1 sessions for ...
2023-09-28 15:49:57.644 [info] Getting sessions for all scopes...
2023-09-28 15:49:57.645 [info] Got 1 sessions for ...
2023-09-28 15:49:57.856 [info] Getting sessions for read:user...
2023-09-28 15:49:57.856 [info] Got 0 sessions for read:user...
2023-09-28 15:49:57.931 [info] Getting sessions for user:email...
2023-09-28 15:49:57.931 [info] Got 1 sessions for user:email...
2023-09-28 15:49:58.161 [info] Getting sessions for all scopes...
2023-09-28 15:49:58.161 [info] Got 1 sessions for ...
2023-09-28 15:49:58.398 [info] Getting sessions for user:email...
2023-09-28 15:49:58.398 [info] Got 1 sessions for user:email...
2023-09-28 15:49:58.934 [info] Getting sessions for user:email...
2023-09-28 15:49:58.934 [info] Got 1 sessions for user:email...
2023-09-28 15:50:08.015 [info] Reading sessions from keychain...
2023-09-28 15:50:08.015 [info] Getting sessions for all scopes...
2023-09-28 15:50:08.015 [info] Getting sessions for user:email...
2023-09-28 15:50:08.046 [info] Got stored sessions!
2023-09-28 15:50:08.046 [info] Got 1 verified sessions.
2023-09-28 15:50:08.046 [info] Got 1 sessions for ...
2023-09-28 15:50:08.046 [info] Got 1 sessions for user:email...
2023-09-28 15:50:08.969 [info] Getting sessions for all scopes...
2023-09-28 15:50:08.969 [info] Got 1 sessions for ...
2023-09-28 15:50:10.293 [info] Getting sessions for all scopes...
2023-09-28 15:50:10.293 [info] Got 1 sessions for ...
2023-09-28 15:50:10.754 [info] Getting sessions for read:user...
2023-09-28 15:50:10.754 [info] Got 0 sessions for read:user...
2023-09-28 15:50:10.754 [info] Getting sessions for user:email...
2023-09-28 15:50:10.754 [info] Got 1 sessions for user:email...
2023-09-28 15:50:11.249 [info] Getting sessions for user:email...
2023-09-28 15:50:11.249 [info] Got 1 sessions for user:email...
2023-09-28 15:50:11.998 [info] Getting sessions for user:email...
2023-09-28 15:50:11.998 [info] Got 1 sessions for user:email...
