2023-09-28 00:17:45.998 [info] Reading sessions from keychain...
2023-09-28 00:17:45.998 [info] Getting sessions for all scopes...
2023-09-28 00:17:46.006 [info] Getting sessions for user:email...
2023-09-28 00:17:46.165 [info] Got stored sessions!
2023-09-28 00:17:46.165 [info] Got 1 verified sessions.
2023-09-28 00:17:46.165 [info] Got 1 sessions for ...
2023-09-28 00:17:46.165 [info] Got 1 sessions for user:email...
2023-09-28 00:17:47.109 [info] Getting sessions for all scopes...
2023-09-28 00:17:47.109 [info] Got 1 sessions for ...
2023-09-28 00:17:47.127 [info] Getting sessions for all scopes...
2023-09-28 00:17:47.127 [info] Got 1 sessions for ...
2023-09-28 00:17:47.154 [info] Getting sessions for read:user...
2023-09-28 00:17:47.154 [info] Got 0 sessions for read:user...
2023-09-28 00:17:47.225 [info] Getting sessions for user:email...
2023-09-28 00:17:47.225 [info] Got 1 sessions for user:email...
2023-09-28 00:17:47.311 [info] Getting sessions for all scopes...
2023-09-28 00:17:47.311 [info] Got 1 sessions for ...
2023-09-28 00:17:47.325 [info] Getting sessions for user:email...
2023-09-28 00:17:47.325 [info] Got 1 sessions for user:email...
2023-09-28 00:17:48.065 [info] Getting sessions for user:email...
2023-09-28 00:17:48.065 [info] Got 1 sessions for user:email...
2023-09-28 00:18:15.486 [info] Reading sessions from keychain...
2023-09-28 00:18:15.486 [info] Getting sessions for all scopes...
2023-09-28 00:18:15.486 [info] Getting sessions for user:email...
2023-09-28 00:18:15.531 [info] Got stored sessions!
2023-09-28 00:18:15.531 [info] Got 1 verified sessions.
2023-09-28 00:18:15.531 [info] Got 1 sessions for ...
2023-09-28 00:18:15.531 [info] Got 1 sessions for user:email...
2023-09-28 00:18:15.638 [info] Getting sessions for all scopes...
2023-09-28 00:18:15.638 [info] Got 1 sessions for ...
2023-09-28 00:18:16.570 [info] Getting sessions for all scopes...
2023-09-28 00:18:16.570 [info] Got 1 sessions for ...
2023-09-28 00:18:16.644 [info] Getting sessions for read:user...
2023-09-28 00:18:16.644 [info] Got 0 sessions for read:user...
2023-09-28 00:18:16.656 [info] Getting sessions for user:email...
2023-09-28 00:18:16.656 [info] Got 1 sessions for user:email...
2023-09-28 00:18:16.710 [info] Getting sessions for all scopes...
2023-09-28 00:18:16.710 [info] Got 1 sessions for ...
2023-09-28 00:18:16.726 [info] Getting sessions for user:email...
2023-09-28 00:18:16.726 [info] Got 1 sessions for user:email...
2023-09-28 00:18:17.537 [info] Getting sessions for user:email...
2023-09-28 00:18:17.537 [info] Got 1 sessions for user:email...
