2023-09-28 15:12:18.448 [info] Using settings sync service https://vscode-sync.trafficmanager.net/
2023-09-28 15:12:18.448 [info] Auto Sync is enabled.
2023-09-28 15:12:18.448 [info] Auto Sync: Suspended until auth token is available.
2023-09-28 15:12:19.086 [info] Deleting non existing profile from backup /home/yex/.config/Code/User/sync/extensions
2023-09-28 15:12:19.258 [info] Deleting non existing profile from backup /home/yex/.config/Code/User/sync/globalState
2023-09-28 15:12:19.347 [info] Deleting non existing profile from backup /home/yex/.config/Code/User/sync/keybindings
2023-09-28 15:12:19.385 [info] Deleting non existing profile from backup /home/yex/.config/Code/User/sync/profiles
2023-09-28 15:12:19.387 [info] Deleting non existing profile from backup /home/yex/.config/Code/User/sync/settings
2023-09-28 15:12:19.388 [info] Deleting non existing profile from backup /home/yex/.config/Code/User/sync/snippets
2023-09-28 15:12:19.389 [info] Deleting non existing profile from backup /home/yex/.config/Code/User/sync/tasks
2023-09-28 15:12:19.746 [info] Auto Sync: Triggered by Interval
2023-09-28 15:12:19.746 [info] Sync started.
2023-09-28 15:12:20.061 [info] Settings: Last sync resource does not exist locally.
2023-09-28 15:12:20.174 [info] Settings: No changes found during synchronizing settings.
2023-09-28 15:12:20.177 [info] Keybindings: Last sync resource does not exist locally.
2023-09-28 15:12:20.267 [info] Keybindings: No changes found during synchronizing keybindings.
2023-09-28 15:12:20.269 [info] Snippets: Last sync resource does not exist locally.
2023-09-28 15:12:20.351 [info] Snippets: No changes found during synchronizing snippets.
2023-09-28 15:12:20.352 [info] Tasks: Last sync resource does not exist locally.
2023-09-28 15:12:20.430 [info] Tasks: No changes found during synchronizing tasks.
2023-09-28 15:12:20.432 [info] GlobalState: Last sync resource does not exist locally.
2023-09-28 15:12:20.947 [info] GlobalState: Updated remote ui state. Updated: workbench.activity.pinnedViewlets2,workbench.statusbar.hidden.
2023-09-28 15:12:20.955 [info] GlobalState: Updated last synchronized ui state
2023-09-28 15:12:20.957 [info] Extensions: Last sync resource does not exist locally.
2023-09-28 15:12:21.127 [info] Extensions: No changes found during synchronizing extensions.
2023-09-28 15:12:21.128 [info] Profiles: Last sync resource does not exist locally.
2023-09-28 15:12:21.207 [info] Profiles: No changes found during synchronizing profiles.
2023-09-28 15:12:21.210 [info] Sync done. Took 1465ms
2023-09-28 15:12:22.725 [info] Auto Sync: Triggered by Activity
2023-09-28 15:12:22.725 [info] Sync started.
2023-09-28 15:12:22.819 [info] Settings: No changes found during synchronizing settings.
2023-09-28 15:12:22.823 [info] Keybindings: No changes found during synchronizing keybindings.
2023-09-28 15:12:22.828 [info] Snippets: No changes found during synchronizing snippets.
2023-09-28 15:12:22.831 [info] Tasks: No changes found during synchronizing tasks.
2023-09-28 15:12:23.136 [info] GlobalState: Updated remote ui state. Updated: workbench.activity.pinnedViewlets2.
2023-09-28 15:12:23.145 [info] GlobalState: Updated last synchronized ui state
2023-09-28 15:12:23.219 [info] Extensions: No changes found during synchronizing extensions.
2023-09-28 15:12:23.222 [info] Profiles: No changes found during synchronizing profiles.
2023-09-28 15:12:23.225 [info] Sync done. Took 500ms
2023-09-28 15:13:08.046 [info] Auto Sync: Triggered by Activity
2023-09-28 15:13:08.046 [info] Sync started.
2023-09-28 15:13:08.144 [info] Settings: No changes found during synchronizing settings.
2023-09-28 15:13:08.149 [info] Keybindings: No changes found during synchronizing keybindings.
2023-09-28 15:13:08.156 [info] Snippets: No changes found during synchronizing snippets.
2023-09-28 15:13:08.161 [info] Tasks: No changes found during synchronizing tasks.
2023-09-28 15:13:08.170 [info] GlobalState: No changes found during synchronizing ui state.
2023-09-28 15:13:08.297 [info] Extensions: No changes found during synchronizing extensions.
2023-09-28 15:13:08.303 [info] Profiles: No changes found during synchronizing profiles.
2023-09-28 15:13:08.305 [info] Sync done. Took 259ms
