2023-09-28 00:19:13.135 [info] Reading sessions from keychain...
2023-09-28 00:19:13.135 [info] Getting sessions for all scopes...
2023-09-28 00:19:13.135 [info] Getting sessions for user:email...
2023-09-28 00:19:13.227 [info] Got stored sessions!
2023-09-28 00:19:13.227 [info] Got 1 verified sessions.
2023-09-28 00:19:13.228 [info] Got 1 sessions for ...
2023-09-28 00:19:13.228 [info] Got 1 sessions for user:email...
2023-09-28 00:19:13.584 [info] Getting sessions for all scopes...
2023-09-28 00:19:13.584 [info] Got 1 sessions for ...
2023-09-28 00:19:14.077 [info] Getting sessions for all scopes...
2023-09-28 00:19:14.077 [info] Got 1 sessions for ...
2023-09-28 00:19:14.119 [info] Getting sessions for all scopes...
2023-09-28 00:19:14.119 [info] Got 1 sessions for ...
2023-09-28 00:19:14.120 [info] Getting sessions for read:user...
2023-09-28 00:19:14.120 [info] Got 0 sessions for read:user...
2023-09-28 00:19:14.120 [info] Getting sessions for user:email...
2023-09-28 00:19:14.120 [info] Got 1 sessions for user:email...
2023-09-28 00:19:14.153 [info] Getting sessions for user:email...
2023-09-28 00:19:14.153 [info] Got 1 sessions for user:email...
2023-09-28 00:19:15.003 [info] Getting sessions for user:email...
2023-09-28 00:19:15.003 [info] Got 1 sessions for user:email...
